<?xml version="1.0" encoding="UTF-8"?>
<!-- Generated by org.testng.reporters.JUnitReportReporter -->
<testsuite skipped="0" hostname="LAPTOP-RUBEL" name="testCases.Test_Verify_All_Links" tests="1" failures="0" timestamp="2020-09-04T14:46:46 CDT" time="126.524" errors="0">
  <testcase name="verify_all__links_of_the_page" time="126.524" classname="testCases.Test_Verify_All_Links"/>
  <system-out/>
</testsuite> <!-- testCases.Test_Verify_All_Links -->
