<?xml version="1.0" encoding="UTF-8"?>
<!-- Generated by org.testng.reporters.JUnitReportReporter -->
<testsuite skipped="0" hostname="LAPTOP-RUBEL" name="testCases.Test_Map_Displayed" tests="1" failures="0" timestamp="2020-11-30T00:09:00 CST" time="1.366" errors="0">
  <testcase name="Map_Displayed" time="1.366" classname="testCases.Test_Map_Displayed"/>
  <system-out/>
</testsuite> <!-- testCases.Test_Map_Displayed -->
